[debug] [2021-04-24T17:53:30.547Z] ----------------------------------------------------------------------
[debug] [2021-04-24T17:53:30.552Z] Command:       C:\Program Files\nodejs\node.exe C:\Users\mdril\AppData\Roaming\npm\node_modules\firebase-tools\lib\bin\firebase.js init
[debug] [2021-04-24T17:53:30.553Z] CLI Version:   9.10.0
[debug] [2021-04-24T17:53:30.553Z] Platform:      win32
[debug] [2021-04-24T17:53:30.553Z] Node Version:  v14.16.0
[debug] [2021-04-24T17:53:30.555Z] Time:          Sat Apr 24 2021 23:23:30 GMT+0530 (India Standard Time)
[debug] [2021-04-24T17:53:30.556Z] ----------------------------------------------------------------------
[debug] 
[debug] [2021-04-24T17:53:30.569Z] > command requires scopes: ["email","openid","https://www.googleapis.com/auth/cloudplatformprojects.readonly","https://www.googleapis.com/auth/firebase","https://www.googleapis.com/auth/cloud-platform"]
[debug] [2021-04-24T17:53:30.570Z] > authorizing via signed-in user (mdrila007@gmail.com)
[info] 
     ######## #### ########  ######## ########     ###     ######  ########
     ##        ##  ##     ## ##       ##     ##  ##   ##  ##       ##
     ######    ##  ########  ######   ########  #########  ######  ######
     ##        ##  ##    ##  ##       ##     ## ##     ##       ## ##
     ##       #### ##     ## ######## ########  ##     ##  ######  ########

You're about to initialize a Firebase project in this directory:

  F:\react-challenge-amazon-clone

Before we get started, keep in mind:

  * You are initializing in an existing Firebase project directory

[info] 
=== Project Setup
[info] 
[info] First, let's associate this project directory with a Firebase project.
[info] You can create multiple project aliases by running firebase use --add, 
[info] but for now we'll just set up a default project.
[info] 
[info] i  .firebaserc already has a default project, using challenge-4b2b2. 
[debug] [2021-04-24T17:53:34.191Z] > refreshing access token with scopes: []
[debug] [2021-04-24T17:53:34.192Z] >>> HTTP REQUEST POST https://www.googleapis.com/oauth2/v3/token  
 <request body omitted>
[debug] [2021-04-24T17:53:34.589Z] <<< HTTP RESPONSE 200 {"cache-control":"no-cache, no-store, max-age=0, must-revalidate","date":"Sat, 24 Apr 2021 17:53:35 GMT","expires":"Mon, 01 Jan 1990 00:00:00 GMT","pragma":"no-cache","content-type":"application/json; charset=utf-8","vary":"X-Origin, Referer, Origin,Accept-Encoding","server":"scaffolding on HTTPServer2","x-xss-protection":"0","x-frame-options":"SAMEORIGIN","x-content-type-options":"nosniff","alt-svc":"h3-29=\":443\"; ma=2592000,h3-T051=\":443\"; ma=2592000,h3-Q050=\":443\"; ma=2592000,h3-Q046=\":443\"; ma=2592000,h3-Q043=\":443\"; ma=2592000,quic=\":443\"; ma=2592000; v=\"46,43\"","accept-ranges":"none","transfer-encoding":"chunked"}
[debug] [2021-04-24T17:53:34.620Z] >>> [apiv2][query] GET https://firebase.googleapis.com/v1beta1/projects/challenge-4b2b2 [none]
[debug] [2021-04-24T17:53:35.380Z] <<< [apiv2][status] GET https://firebase.googleapis.com/v1beta1/projects/challenge-4b2b2 403
[debug] [2021-04-24T17:53:35.381Z] <<< [apiv2][body] GET https://firebase.googleapis.com/v1beta1/projects/challenge-4b2b2 {"error":{"code":403,"message":"The caller does not have permission","status":"PERMISSION_DENIED"}}
[debug] [2021-04-24T17:53:35.383Z] HTTP Error: 403, The caller does not have permission
[debug] [2021-04-24T17:53:35.749Z] FirebaseError: HTTP Error: 403, The caller does not have permission
    at module.exports (C:\Users\mdril\AppData\Roaming\npm\node_modules\firebase-tools\lib\responseToError.js:38:12)
    at Client.doRequest (C:\Users\mdril\AppData\Roaming\npm\node_modules\firebase-tools\lib\apiv2.js:238:23)
    at processTicksAndRejections (internal/process/task_queues.js:93:5)
    at async Client.request (C:\Users\mdril\AppData\Roaming\npm\node_modules\firebase-tools\lib\apiv2.js:96:20)
    at async Object.getFirebaseProject (C:\Users\mdril\AppData\Roaming\npm\node_modules\firebase-tools\lib\management\projects.js:290:21)
    at async Object.doSetup [as project] (C:\Users\mdril\AppData\Roaming\npm\node_modules\firebase-tools\lib\init\features\project.js:77:27)
    at async init (C:\Users\mdril\AppData\Roaming\npm\node_modules\firebase-tools\lib\init\index.js:19:9)
[error] 
[error] Error: Failed to get Firebase project challenge-4b2b2. Please make sure the project exists and your account has permission to access it.
